<?xml version="1.0" encoding="UTF-8"?>
<!-- Generated by org.testng.reporters.JUnitReportReporter -->
<testsuite skipped="0" hostname="ENCLTL024" name="com.matson.accessibility.test.AxsbltyTest" tests="1" failures="0" timestamp="27 Jun 2019 10:46:37 GMT" time="996.750" errors="0">
  <testcase name="codeSnifferTest" time="996.750" classname="com.matson.accessibility.test.AxsbltyTest"/>
</testsuite> <!-- com.matson.accessibility.test.AxsbltyTest -->
