<?xml version="1.0" encoding="UTF-8"?>
<!-- Generated by org.testng.reporters.JUnitReportReporter -->
<testsuite skipped="0" hostname="PHXV0433" name="com.matson.accessibility.test.AxsbltyTest" tests="3" failures="0" timestamp="12 Jul 2019 06:44:09 GMT" time="97.059" errors="0">
  <testcase name="validateAxsblty" time="35.070" classname="com.matson.accessibility.test.AxsbltyTest"/>
  <testcase name="validateAxsblty" time="30.984" classname="com.matson.accessibility.test.AxsbltyTest"/>
  <testcase name="validateAxsblty" time="31.005" classname="com.matson.accessibility.test.AxsbltyTest"/>
</testsuite> <!-- com.matson.accessibility.test.AxsbltyTest -->
