<?xml version="1.0" encoding="UTF-8"?>
<!-- Generated by org.testng.reporters.JUnitReportReporter -->
<testsuite skipped="0" hostname="ENCLTL024" name="com.matson.accessibility.test.AxsbltyTest" tests="1" failures="0" timestamp="11 Jun 2019 16:52:47 GMT" time="19.423" errors="0">
  <testcase name="codeSnifferTest" time="19.423" classname="com.matson.accessibility.test.AxsbltyTest"/>
</testsuite> <!-- com.matson.accessibility.test.AxsbltyTest -->
