<?xml version="1.0" encoding="UTF-8"?>
<!-- Generated by org.testng.reporters.JUnitReportReporter -->
<testsuite skipped="0" hostname="ENCLTL024" name="com.matson.accessibility.test.LaunchUrl" tests="2" failures="0" timestamp="10 May 2019 09:40:13 GMT" time="14.635" errors="0">
  <testcase name="Launch" time="13.627" classname="com.matson.accessibility.test.LaunchUrl"/>
  <testcase name="testAccess" time="1.008" classname="com.matson.accessibility.test.LaunchUrl"/>
</testsuite> <!-- com.matson.accessibility.test.LaunchUrl -->
