<?xml version="1.0" encoding="UTF-8"?>
<!-- Generated by org.testng.reporters.JUnitReportReporter -->
<testsuite skipped="0" hostname="PHXV0433" name="com.matson.accessibility.test.AxsbltyTest" tests="3" failures="0" timestamp="11 Jul 2019 09:01:40 GMT" time="2.469" errors="0">
  <testcase name="validateAxsblty" time="0.000" classname="com.matson.accessibility.test.AxsbltyTest"/>
  <testcase name="validateAxsblty" time="2.468" classname="com.matson.accessibility.test.AxsbltyTest"/>
  <testcase name="validateAxsblty" time="0.001" classname="com.matson.accessibility.test.AxsbltyTest"/>
</testsuite> <!-- com.matson.accessibility.test.AxsbltyTest -->
